-------------------------------------------------------------------------------
Test set: TestSuite
-------------------------------------------------------------------------------
Tests run: 5, Failures: 1, Errors: 0, Skipped: 0, Time elapsed: 1.496 s <<< FAILURE! - in TestSuite
allure.examples.MyCalculatorTest.tc4  Time elapsed: 0.007 s  <<< FAILURE!
java.lang.AssertionError: expected [6.0] but found [5.0]
	at allure.examples.MyCalculatorTest.tc4(MyCalculatorTest.java:45)

